[info] Log at : 2026/2/17|13:24:10|GMT+0800

[info] Log at : 2026/2/17|13:24:23|GMT+0800

[info] Log at : 2026/2/17|13:36:18|GMT+0800

[info] Log at : 2026/2/17|13:40:13|GMT+0800

[info] Log at : 2026/2/17|13:42:00|GMT+0800

[info] Log at : 2026/2/17|13:43:12|GMT+0800

[info] Log at : 2026/2/17|13:44:02|GMT+0800

[info] Log at : 2026/2/17|13:46:33|GMT+0800

[info] Log at : 2026/2/17|13:47:15|GMT+0800

[info] Log at : 2026/2/17|13:49:44|GMT+0800

[SyntaxError: Expected double-quoted property name in JSON at position 99 (line 5 column 33)
	at JSON.parse (<anonymous>)
	at F.updateCppProperties (c:\Users\lhf19\.vscode\extensions\cl.keil-assistant-1.7.0\dist\extension.js:1:10849)
	at F.<anonymous> (c:\Users\lhf19\.vscode\extensions\cl.keil-assistant-1.7.0\dist\extension.js:1:12579)
	at Generator.next (<anonymous>)
	at c:\Users\lhf19\.vscode\extensions\cl.keil-assistant-1.7.0\dist\extension.js:1:4480
	at new Promise (<anonymous>)
	at r (c:\Users\lhf19\.vscode\extensions\cl.keil-assistant-1.7.0\dist\extension.js:1:4225)
	at F.load (c:\Users\lhf19\.vscode\extensions\cl.keil-assistant-1.7.0\dist\extension.js:1:11310)
	at w.<anonymous> (c:\Users\lhf19\.vscode\extensions\cl.keil-assistant-1.7.0\dist\extension.js:1:8737)
	at Generator.next (<anonymous>)
	at a (c:\Users\lhf19\.vscode\extensions\cl.keil-assistant-1.7.0\dist\extension.js:1:4282)]
[info] Log at : 2026/2/17|13:53:32|GMT+0800

[info] project closed: ble_app_peripheral
